Arguments: 
  C:\Program Files\nodejs\node.exe C:\Program Files (x86)\Yarn\bin\yarn.js add semantic-ui-css

PATH: 
  C:\Program Files (x86)\Common Files\Oracle\Java\javapath;C:\WINDOWS\system32;C:\WINDOWS;C:\WINDOWS\System32\Wbem;C:\WINDOWS\System32\WindowsPowerShell\v1.0\;C:\Program Files\Intel\WiFi\bin\;C:\Program Files\Common Files\Intel\WirelessCommon\;C:\Program Files (x86)\AMD\ATI.ACE\Core-Static;C:\Program Files\Git\cmd;C:\Program Files (x86)\Windows Kits\8.1\Windows Performance Toolkit\;C:\Python27;C:\Program Files\nodejs\;C:\Program Files (x86)\Yarn\bin\;C:\WINDOWS\System32\OpenSSH\;C:\Program Files\MongoDB\Server\3.6\bin;C:\Program Files (x86)\CodeBlocks\MinGW\bin;C:\Program Files\Microsoft SQL Server\Client SDK\ODBC\130\Tools\Binn\;C:\Program Files (x86)\Microsoft SQL Server\140\Tools\Binn\;C:\Program Files\Microsoft SQL Server\140\Tools\Binn\;C:\Program Files\Microsoft SQL Server\140\DTS\Binn\;C:\Program Files (x86)\Microsoft SQL Server\Client SDK\ODBC\130\Tools\Binn\;C:\Program Files (x86)\Microsoft SQL Server\140\DTS\Binn\;C:\Program Files (x86)\Microsoft SQL Server\140\Tools\Binn\ManagementStudio\;D:\kafka\zookeeper-3.4.12\bin;C:\Program Files\Intel\WiFi\bin\;C:\Program Files\Common Files\Intel\WirelessCommon\;C:\Program Files\Microsoft VS Code\bin;C:\Users\Tarun\AppData\Roaming\npm;C:\Users\Tarun\AppData\Local\Yarn\bin;%USERPROFILE%\AppData\Local\Microsoft\WindowsApps;

Yarn version: 
  1.7.0

Node version: 
  8.11.2

Platform: 
  win32 x64

Trace: 
  Error: EPERM: operation not permitted, unlink 'D:\testproj\client\node_modules\.bin\webpack-dev-server'

npm manifest: 
  {
    "name": "client",
    "version": "1.0.0",
    "description": "React Side of app",
    "main": "index.js",
    "scripts": {
      "start": "webpack-dev-server --mode development --open --hot"
    },
    "author": "Tarun Genwa",
    "license": "ISC",
    "dependencies": {
      "@material-ui/core": "^1.4.0",
      "@material-ui/icons": "^1.1.0",
      "apollo-boost": "^0.1.12",
      "apollo-client": "^2.3.7",
      "apollo-link-http": "^1.5.4",
      "axios": "^0.18.0",
      "file-loader": "^1.1.11",
      "graphql": "^0.13.2",
      "graphql-tag": "^2.9.2",
      "grommet-css": "^1.6.0",
      "react": "^16.4.1",
      "react-apollo": "^2.1.9",
      "react-dom": "^16.4.1",
      "react-redux": "^5.0.7",
      "react-router-dom": "^4.3.1",
      "redux": "^4.0.0",
      "redux-thunk": "^2.3.0",
      "sass-loader": "^7.1.0",
      "url-loader": "^1.0.1"
    },
    "devDependencies": {
      "babel-core": "^6.26.3",
      "babel-loader": "^7.1.5",
      "babel-preset-env": "^1.7.0",
      "babel-preset-react": "^6.24.1",
      "css-loader": "^1.0.0",
      "html-webpack-plugin": "^3.2.0",
      "redux-logger": "^3.0.6",
      "style-loader": "^0.21.0",
      "webpack": "^4.16.1",
      "webpack-cli": "^3.0.8",
      "webpack-dev-server": "^3.1.4"
    }
  }

yarn manifest: 
  No manifest

Lockfile: 
  No lockfile
